2023-05-25 20:18:22,114 [Worker-0: Loading available Gradle versions] INFO  o.e.b.c.i.u.g.PublishedGradleVersions - Gradle version information cache is up-to-date. Trying to read.
2023-05-25 20:18:57,406 [Worker-5: Importing Maven projects] INFO  o.e.m.c.i.l.LifecycleMappingFactory - Using org.eclipse.m2e.jdt.JarLifecycleMapping lifecycle mapping for MavenProject: net.wildlife:donation:0.0.1-SNAPSHOT @ E:\fsd\wildlife-sanctuary-website\backend\donation\pom.xml.
2023-05-25 20:19:00,545 [Worker-5: Importing Maven projects] INFO  o.e.m.j.i.AbstractJavaProjectConfigurator - Adding source folder /donation/src/main/java
2023-05-25 20:19:00,546 [Worker-5: Importing Maven projects] INFO  o.e.m.j.i.AbstractJavaProjectConfigurator - Adding resource folder /donation/src/main/resources
2023-05-25 20:19:00,657 [Worker-5: Importing Maven projects] INFO  o.e.m.j.i.AbstractJavaProjectConfigurator - Adding resource folder /donation/src/main/resources
2023-05-25 20:19:00,662 [Worker-5: Importing Maven projects] INFO  o.e.m.j.i.AbstractJavaProjectConfigurator - Adding source folder /donation/src/test/java
2023-05-25 20:19:02,113 [Worker-5: Importing Maven projects] INFO  o.e.m.c.i.p.ProjectConfigurationManager - Imported and configured 1 project(s) in 6 sec
2023-05-25 20:20:24,238 [Worker-1: Loading available Gradle versions] INFO  o.e.b.c.i.u.g.PublishedGradleVersions - Gradle version information cache is up-to-date. Trying to read.
2023-05-25 20:20:46,078 [Worker-5: Launching DonationApplication] INFO  o.e.m.c.i.embedder.EclipseLogger - Using 'UTF-8' encoding to copy filtered resources.
2023-05-25 20:20:46,080 [Worker-5: Launching DonationApplication] INFO  o.e.m.c.i.embedder.EclipseLogger - Using 'UTF-8' encoding to copy filtered properties files.
2023-05-25 20:20:46,085 [Worker-5: Launching DonationApplication] INFO  o.e.m.c.i.embedder.EclipseLogger - Copying 1 resource
2023-05-25 20:20:46,100 [Worker-5: Launching DonationApplication] INFO  o.e.m.c.i.embedder.EclipseLogger - Copying 0 resource
2023-05-25 20:20:46,107 [Worker-5: Launching DonationApplication] INFO  o.e.m.c.i.embedder.EclipseLogger - Using 'UTF-8' encoding to copy filtered resources.
2023-05-25 20:20:46,107 [Worker-5: Launching DonationApplication] INFO  o.e.m.c.i.embedder.EclipseLogger - Using 'UTF-8' encoding to copy filtered properties files.
2023-05-25 20:20:46,107 [Worker-5: Launching DonationApplication] INFO  o.e.m.c.i.embedder.EclipseLogger - skip non existing resourceDirectory E:\fsd\wildlife-sanctuary-website\backend\donation\src\test\resources
2023-05-25 20:21:38,377 [Worker-0: Importing Maven projects] INFO  o.e.m.c.i.l.LifecycleMappingFactory - Using org.eclipse.m2e.jdt.JarLifecycleMapping lifecycle mapping for MavenProject: net.wildlife:tourist:0.0.1-SNAPSHOT @ E:\fsd\wildlife-sanctuary-website\backend\tourist\pom.xml.
2023-05-25 20:21:39,917 [Worker-0: Importing Maven projects] INFO  o.e.m.j.i.AbstractJavaProjectConfigurator - Adding source folder /tourist/src/main/java
2023-05-25 20:21:39,917 [Worker-0: Importing Maven projects] INFO  o.e.m.j.i.AbstractJavaProjectConfigurator - Adding resource folder /tourist/src/main/resources
2023-05-25 20:21:39,923 [Worker-0: Importing Maven projects] INFO  o.e.m.j.i.AbstractJavaProjectConfigurator - Adding resource folder /tourist/src/main/resources
2023-05-25 20:21:39,928 [Worker-0: Importing Maven projects] INFO  o.e.m.j.i.AbstractJavaProjectConfigurator - Adding source folder /tourist/src/test/java
2023-05-25 20:21:40,292 [Worker-0: Importing Maven projects] INFO  o.e.m.c.i.p.ProjectConfigurationManager - Imported and configured 1 project(s) in 2 sec
2023-05-25 20:24:45,043 [Worker-1: Loading available Gradle versions] INFO  o.e.b.c.i.u.g.PublishedGradleVersions - Gradle version information cache is up-to-date. Trying to read.
2023-05-25 20:25:36,316 [Worker-5: Launching TouristApplication] INFO  o.e.m.c.i.embedder.EclipseLogger - Using 'UTF-8' encoding to copy filtered resources.
2023-05-25 20:25:36,321 [Worker-5: Launching TouristApplication] INFO  o.e.m.c.i.embedder.EclipseLogger - Using 'UTF-8' encoding to copy filtered properties files.
2023-05-25 20:25:36,325 [Worker-5: Launching TouristApplication] INFO  o.e.m.c.i.embedder.EclipseLogger - Copying 1 resource
2023-05-25 20:25:36,386 [Worker-5: Launching TouristApplication] INFO  o.e.m.c.i.embedder.EclipseLogger - Copying 0 resource
2023-05-25 20:25:36,392 [Worker-5: Launching TouristApplication] INFO  o.e.m.c.i.embedder.EclipseLogger - Using 'UTF-8' encoding to copy filtered resources.
2023-05-25 20:25:36,392 [Worker-5: Launching TouristApplication] INFO  o.e.m.c.i.embedder.EclipseLogger - Using 'UTF-8' encoding to copy filtered properties files.
2023-05-25 20:25:36,393 [Worker-5: Launching TouristApplication] INFO  o.e.m.c.i.embedder.EclipseLogger - skip non existing resourceDirectory E:\fsd\wildlife-sanctuary-website\backend\tourist\src\test\resources
2023-05-25 20:25:40,426 [Worker-2: Building] INFO  o.e.m.c.i.embedder.EclipseLogger - Using 'UTF-8' encoding to copy filtered resources.
2023-05-25 20:25:40,426 [Worker-2: Building] INFO  o.e.m.c.i.embedder.EclipseLogger - Using 'UTF-8' encoding to copy filtered properties files.
2023-05-25 20:25:40,427 [Worker-2: Building] INFO  o.e.m.c.i.embedder.EclipseLogger - Copying 1 resource
2023-05-25 20:25:40,450 [Worker-2: Building] INFO  o.e.m.c.i.embedder.EclipseLogger - Copying 0 resource
2023-05-25 20:25:40,479 [Worker-2: Building] INFO  o.e.m.c.i.embedder.EclipseLogger - Using 'UTF-8' encoding to copy filtered resources.
2023-05-25 20:25:40,479 [Worker-2: Building] INFO  o.e.m.c.i.embedder.EclipseLogger - Using 'UTF-8' encoding to copy filtered properties files.
2023-05-25 20:25:40,479 [Worker-2: Building] INFO  o.e.m.c.i.embedder.EclipseLogger - skip non existing resourceDirectory E:\fsd\wildlife-sanctuary-website\backend\donation\src\test\resources
2023-05-25 20:26:10,471 [Worker-4: Importing Maven projects] INFO  o.e.m.c.i.l.LifecycleMappingFactory - Using org.eclipse.m2e.jdt.JarLifecycleMapping lifecycle mapping for MavenProject: net.wildlife:ticket:0.0.1-SNAPSHOT @ E:\fsd\wildlife-sanctuary-website\backend\ticket\pom.xml.
2023-05-25 20:26:12,591 [Worker-4: Importing Maven projects] INFO  o.e.m.j.i.AbstractJavaProjectConfigurator - Adding source folder /ticket/src/main/java
2023-05-25 20:26:12,592 [Worker-4: Importing Maven projects] INFO  o.e.m.j.i.AbstractJavaProjectConfigurator - Adding resource folder /ticket/src/main/resources
2023-05-25 20:26:12,596 [Worker-4: Importing Maven projects] INFO  o.e.m.j.i.AbstractJavaProjectConfigurator - Adding resource folder /ticket/src/main/resources
2023-05-25 20:26:12,601 [Worker-4: Importing Maven projects] INFO  o.e.m.j.i.AbstractJavaProjectConfigurator - Adding source folder /ticket/src/test/java
2023-05-25 20:26:13,098 [Worker-4: Importing Maven projects] INFO  o.e.m.c.i.p.ProjectConfigurationManager - Imported and configured 1 project(s) in 3 sec
2023-05-25 20:27:56,352 [Worker-4: Auto share git projects] WARN  org.eclipse.jgit.util.FS_Win32 - null
2023-05-25 20:29:34,968 [Worker-1: Loading available Gradle versions] INFO  o.e.b.c.i.u.g.PublishedGradleVersions - Gradle version information cache is up-to-date. Trying to read.
2023-05-25 20:31:53,545 [Worker-1: Loading available Gradle versions] INFO  o.e.b.c.i.u.g.PublishedGradleVersions - Gradle version information cache is up-to-date. Trying to read.
2023-05-25 20:33:11,336 [Worker-2: Loading available Gradle versions] INFO  o.e.b.c.i.u.g.PublishedGradleVersions - Gradle version information cache is up-to-date. Trying to read.
2023-05-25 20:53:19,411 [Worker-2: Loading available Gradle versions] INFO  o.e.b.c.i.u.g.PublishedGradleVersions - Gradle version information cache is up-to-date. Trying to read.
2023-05-25 20:53:24,956 [Worker-5: Building] INFO  o.e.m.c.i.embedder.EclipseLogger - Using 'UTF-8' encoding to copy filtered resources.
2023-05-25 20:53:24,956 [Worker-5: Building] INFO  o.e.m.c.i.embedder.EclipseLogger - Using 'UTF-8' encoding to copy filtered properties files.
2023-05-25 20:53:25,065 [Worker-5: Building] INFO  o.e.m.c.i.embedder.EclipseLogger - Copying 1 resource
2023-05-25 20:53:25,170 [Worker-5: Building] INFO  o.e.m.c.i.embedder.EclipseLogger - Copying 0 resource
2023-05-25 20:53:25,178 [Worker-5: Building] INFO  o.e.m.c.i.embedder.EclipseLogger - Using 'UTF-8' encoding to copy filtered resources.
2023-05-25 20:53:25,178 [Worker-5: Building] INFO  o.e.m.c.i.embedder.EclipseLogger - Using 'UTF-8' encoding to copy filtered properties files.
2023-05-25 20:53:25,178 [Worker-5: Building] INFO  o.e.m.c.i.embedder.EclipseLogger - skip non existing resourceDirectory E:\fsd\wildlife-sanctuary-website\backend\donation\src\test\resources
2023-05-25 20:55:39,864 [Worker-0: Loading available Gradle versions] INFO  o.e.b.c.i.u.g.PublishedGradleVersions - Gradle version information cache is up-to-date. Trying to read.
2023-05-25 21:14:19,250 [Worker-0: Loading available Gradle versions] INFO  o.e.b.c.i.u.g.PublishedGradleVersions - Gradle version information cache is up-to-date. Trying to read.
2023-05-25 21:23:52,620 [Worker-1: Loading available Gradle versions] INFO  o.e.b.c.i.u.g.PublishedGradleVersions - Gradle version information cache is up-to-date. Trying to read.
2023-05-25 21:24:35,821 [Worker-6: Building] INFO  o.e.m.c.i.embedder.EclipseLogger - Using 'UTF-8' encoding to copy filtered resources.
2023-05-25 21:24:35,824 [Worker-6: Building] INFO  o.e.m.c.i.embedder.EclipseLogger - Using 'UTF-8' encoding to copy filtered properties files.
2023-05-25 21:24:35,828 [Worker-6: Building] INFO  o.e.m.c.i.embedder.EclipseLogger - Copying 1 resource
2023-05-25 21:24:35,848 [Worker-6: Building] INFO  o.e.m.c.i.embedder.EclipseLogger - Copying 0 resource
2023-05-25 21:24:35,855 [Worker-6: Building] INFO  o.e.m.c.i.embedder.EclipseLogger - Using 'UTF-8' encoding to copy filtered resources.
2023-05-25 21:24:35,855 [Worker-6: Building] INFO  o.e.m.c.i.embedder.EclipseLogger - Using 'UTF-8' encoding to copy filtered properties files.
2023-05-25 21:24:35,856 [Worker-6: Building] INFO  o.e.m.c.i.embedder.EclipseLogger - skip non existing resourceDirectory E:\fsd\wildlife-sanctuary-website\backend\donation\src\test\resources
2023-05-26 09:49:51,686 [Worker-2: Loading available Gradle versions] INFO  o.e.b.c.i.u.g.PublishedGradleVersions - Gradle version information cache is up-to-date. Trying to read.
